<?xml version="1.0" encoding="UTF-8"?>
<!-- Generated by org.testng.reporters.JUnitReportReporter -->
<testsuite hostname="New8" failures="0" tests="4" name="com.Appscook.pageObjectTest.botUserTest.SettingPageTest" time="70.814" errors="0" timestamp="09 Nov 2023 10:07:13 GMT" skipped="0">
  <testcase classname="com.Appscook.pageObjectTest.botUserTest.SettingPageTest" name="logoTest" time="6.358"/>
  <testcase classname="com.Appscook.pageObjectTest.botUserTest.SettingPageTest" name="StudentEvaluationPageTest" time="18.611"/>
  <testcase classname="com.Appscook.pageObjectTest.botUserTest.SettingPageTest" name="selectionProcessPageTest" time="26.707"/>
  <testcase classname="com.Appscook.pageObjectTest.botUserTest.SettingPageTest" name="admissionProcessPageTest" time="19.138"/>
</testsuite> <!-- com.Appscook.pageObjectTest.botUserTest.SettingPageTest -->
